<?xml version="1.0" encoding="UTF-8"?>
<!-- Generated by org.testng.reporters.JUnitXMLReporter -->
<testsuite hostname="LAPTOP-MR7PA18F" name="Default test" tests="10" failures="0" timestamp="31 May 2019 04:38:19 GMT" time="123.612" errors="0">
  <testcase name="loginTest" time="1.337" classname="TestNGData.LoginTest"/>
  <testcase name="loginTest" time="1.776" classname="TestNGData.LoginTest"/>
  <testcase name="loginTest" time="1.697" classname="TestNGData.LoginTest"/>
  <testcase name="loginTest" time="1.707" classname="TestNGData.LoginTest"/>
  <testcase name="loginTest" time="2.175" classname="TestNGData.LoginTest"/>
  <testcase name="loginTest" time="1.428" classname="TestNGData.LoginTest"/>
  <testcase name="loginTest" time="1.564" classname="TestNGData.LoginTest"/>
  <testcase name="loginTest" time="1.464" classname="TestNGData.LoginTest"/>
  <testcase name="loginTest" time="1.581" classname="TestNGData.LoginTest"/>
  <testcase name="loginTest" time="2.127" classname="TestNGData.LoginTest"/>
</testsuite> <!-- Default test -->
