<?xml version="1.0" encoding="UTF-8"?>
<testng-results skipped="0" failed="0" total="10" passed="10">
  <reporter-output>
  </reporter-output>
  <suite name="Default suite" duration-ms="123612" started-at="2019-05-31T04:36:16Z" finished-at="2019-05-31T04:38:19Z">
    <groups>
    </groups>
    <test name="Default test" duration-ms="123612" started-at="2019-05-31T04:36:16Z" finished-at="2019-05-31T04:38:19Z">
      <class name="TestNGData.LoginTest">
        <test-method status="PASS" signature="setUp()[pri:0, instance:TestNGData.LoginTest@45c8e616]" name="setUp" is-config="true" duration-ms="10363" started-at="2019-05-31T10:06:17Z" finished-at="2019-05-31T10:06:27Z">
          <reporter-output>
          </reporter-output>
        </test-method> <!-- setUp -->
        <test-method status="PASS" signature="loginTest(java.lang.String, java.lang.String)[pri:0, instance:TestNGData.LoginTest@45c8e616]" name="loginTest" duration-ms="1337" started-at="2019-05-31T10:06:27Z" data-provider="getLoginData" finished-at="2019-05-31T10:06:29Z">
          <params>
            <param index="0">
              <value>
                <![CDATA[naveen ]]>
              </value>
            </param>
            <param index="1">
              <value>
                <![CDATA[test]]>
              </value>
            </param>
          </params>
          <reporter-output>
          </reporter-output>
        </test-method> <!-- loginTest -->
        <test-method status="PASS" signature="tearDown()[pri:0, instance:TestNGData.LoginTest@45c8e616]" name="tearDown" is-config="true" duration-ms="744" started-at="2019-05-31T10:06:29Z" finished-at="2019-05-31T10:06:29Z">
          <reporter-output>
          </reporter-output>
        </test-method> <!-- tearDown -->
        <test-method status="PASS" signature="setUp()[pri:0, instance:TestNGData.LoginTest@45c8e616]" name="setUp" is-config="true" duration-ms="8953" started-at="2019-05-31T10:06:29Z" finished-at="2019-05-31T10:06:38Z">
          <reporter-output>
          </reporter-output>
        </test-method> <!-- setUp -->
        <test-method status="PASS" signature="loginTest(java.lang.String, java.lang.String)[pri:0, instance:TestNGData.LoginTest@45c8e616]" name="loginTest" duration-ms="1776" started-at="2019-05-31T10:06:38Z" data-provider="getLoginData" finished-at="2019-05-31T10:06:40Z">
          <params>
            <param index="0">
              <value>
                <![CDATA[lipsi ]]>
              </value>
            </param>
            <param index="1">
              <value>
                <![CDATA[test]]>
              </value>
            </param>
          </params>
          <reporter-output>
          </reporter-output>
        </test-method> <!-- loginTest -->
        <test-method status="PASS" signature="tearDown()[pri:0, instance:TestNGData.LoginTest@45c8e616]" name="tearDown" is-config="true" duration-ms="789" started-at="2019-05-31T10:06:40Z" finished-at="2019-05-31T10:06:41Z">
          <reporter-output>
          </reporter-output>
        </test-method> <!-- tearDown -->
        <test-method status="PASS" signature="setUp()[pri:0, instance:TestNGData.LoginTest@45c8e616]" name="setUp" is-config="true" duration-ms="9347" started-at="2019-05-31T10:06:41Z" finished-at="2019-05-31T10:06:50Z">
          <reporter-output>
          </reporter-output>
        </test-method> <!-- setUp -->
        <test-method status="PASS" signature="loginTest(java.lang.String, java.lang.String)[pri:0, instance:TestNGData.LoginTest@45c8e616]" name="loginTest" duration-ms="1697" started-at="2019-05-31T10:06:50Z" data-provider="getLoginData" finished-at="2019-05-31T10:06:52Z">
          <params>
            <param index="0">
              <value>
                <![CDATA[akbar]]>
              </value>
            </param>
            <param index="1">
              <value>
                <![CDATA[tets]]>
              </value>
            </param>
          </params>
          <reporter-output>
          </reporter-output>
        </test-method> <!-- loginTest -->
        <test-method status="PASS" signature="tearDown()[pri:0, instance:TestNGData.LoginTest@45c8e616]" name="tearDown" is-config="true" duration-ms="801" started-at="2019-05-31T10:06:52Z" finished-at="2019-05-31T10:06:53Z">
          <reporter-output>
          </reporter-output>
        </test-method> <!-- tearDown -->
        <test-method status="PASS" signature="setUp()[pri:0, instance:TestNGData.LoginTest@45c8e616]" name="setUp" is-config="true" duration-ms="8635" started-at="2019-05-31T10:06:53Z" finished-at="2019-05-31T10:07:01Z">
          <reporter-output>
          </reporter-output>
        </test-method> <!-- setUp -->
        <test-method status="PASS" signature="loginTest(java.lang.String, java.lang.String)[pri:0, instance:TestNGData.LoginTest@45c8e616]" name="loginTest" duration-ms="1707" started-at="2019-05-31T10:07:01Z" data-provider="getLoginData" finished-at="2019-05-31T10:07:03Z">
          <params>
            <param index="0">
              <value>
                <![CDATA[manjula]]>
              </value>
            </param>
            <param index="1">
              <value>
                <![CDATA[test]]>
              </value>
            </param>
          </params>
          <reporter-output>
          </reporter-output>
        </test-method> <!-- loginTest -->
        <test-method status="PASS" signature="tearDown()[pri:0, instance:TestNGData.LoginTest@45c8e616]" name="tearDown" is-config="true" duration-ms="828" started-at="2019-05-31T10:07:03Z" finished-at="2019-05-31T10:07:04Z">
          <reporter-output>
          </reporter-output>
        </test-method> <!-- tearDown -->
        <test-method status="PASS" signature="setUp()[pri:0, instance:TestNGData.LoginTest@45c8e616]" name="setUp" is-config="true" duration-ms="12412" started-at="2019-05-31T10:07:04Z" finished-at="2019-05-31T10:07:16Z">
          <reporter-output>
          </reporter-output>
        </test-method> <!-- setUp -->
        <test-method status="PASS" signature="loginTest(java.lang.String, java.lang.String)[pri:0, instance:TestNGData.LoginTest@45c8e616]" name="loginTest" duration-ms="2175" started-at="2019-05-31T10:07:16Z" data-provider="getLoginData" finished-at="2019-05-31T10:07:18Z">
          <params>
            <param index="0">
              <value>
                <![CDATA[lakshmi]]>
              </value>
            </param>
            <param index="1">
              <value>
                <![CDATA[test]]>
              </value>
            </param>
          </params>
          <reporter-output>
          </reporter-output>
        </test-method> <!-- loginTest -->
        <test-method status="PASS" signature="tearDown()[pri:0, instance:TestNGData.LoginTest@45c8e616]" name="tearDown" is-config="true" duration-ms="807" started-at="2019-05-31T10:07:18Z" finished-at="2019-05-31T10:07:19Z">
          <reporter-output>
          </reporter-output>
        </test-method> <!-- tearDown -->
        <test-method status="PASS" signature="setUp()[pri:0, instance:TestNGData.LoginTest@45c8e616]" name="setUp" is-config="true" duration-ms="9418" started-at="2019-05-31T10:07:19Z" finished-at="2019-05-31T10:07:29Z">
          <reporter-output>
          </reporter-output>
        </test-method> <!-- setUp -->
        <test-method status="PASS" signature="loginTest(java.lang.String, java.lang.String)[pri:0, instance:TestNGData.LoginTest@45c8e616]" name="loginTest" duration-ms="1428" started-at="2019-05-31T10:07:29Z" data-provider="getLoginData" finished-at="2019-05-31T10:07:30Z">
          <params>
            <param index="0">
              <value>
                <![CDATA[venki]]>
              </value>
            </param>
            <param index="1">
              <value>
                <![CDATA[test]]>
              </value>
            </param>
          </params>
          <reporter-output>
          </reporter-output>
        </test-method> <!-- loginTest -->
        <test-method status="PASS" signature="tearDown()[pri:0, instance:TestNGData.LoginTest@45c8e616]" name="tearDown" is-config="true" duration-ms="734" started-at="2019-05-31T10:07:30Z" finished-at="2019-05-31T10:07:31Z">
          <reporter-output>
          </reporter-output>
        </test-method> <!-- tearDown -->
        <test-method status="PASS" signature="setUp()[pri:0, instance:TestNGData.LoginTest@45c8e616]" name="setUp" is-config="true" duration-ms="8548" started-at="2019-05-31T10:07:31Z" finished-at="2019-05-31T10:07:39Z">
          <reporter-output>
          </reporter-output>
        </test-method> <!-- setUp -->
        <test-method status="PASS" signature="loginTest(java.lang.String, java.lang.String)[pri:0, instance:TestNGData.LoginTest@45c8e616]" name="loginTest" duration-ms="1564" started-at="2019-05-31T10:07:39Z" data-provider="getLoginData" finished-at="2019-05-31T10:07:41Z">
          <params>
            <param index="0">
              <value>
                <![CDATA[arjun]]>
              </value>
            </param>
            <param index="1">
              <value>
                <![CDATA[test]]>
              </value>
            </param>
          </params>
          <reporter-output>
          </reporter-output>
        </test-method> <!-- loginTest -->
        <test-method status="PASS" signature="tearDown()[pri:0, instance:TestNGData.LoginTest@45c8e616]" name="tearDown" is-config="true" duration-ms="786" started-at="2019-05-31T10:07:41Z" finished-at="2019-05-31T10:07:42Z">
          <reporter-output>
          </reporter-output>
        </test-method> <!-- tearDown -->
        <test-method status="PASS" signature="setUp()[pri:0, instance:TestNGData.LoginTest@45c8e616]" name="setUp" is-config="true" duration-ms="9914" started-at="2019-05-31T10:07:42Z" finished-at="2019-05-31T10:07:52Z">
          <reporter-output>
          </reporter-output>
        </test-method> <!-- setUp -->
        <test-method status="PASS" signature="loginTest(java.lang.String, java.lang.String)[pri:0, instance:TestNGData.LoginTest@45c8e616]" name="loginTest" duration-ms="1464" started-at="2019-05-31T10:07:52Z" data-provider="getLoginData" finished-at="2019-05-31T10:07:53Z">
          <params>
            <param index="0">
              <value>
                <![CDATA[felix]]>
              </value>
            </param>
            <param index="1">
              <value>
                <![CDATA[test]]>
              </value>
            </param>
          </params>
          <reporter-output>
          </reporter-output>
        </test-method> <!-- loginTest -->
        <test-method status="PASS" signature="tearDown()[pri:0, instance:TestNGData.LoginTest@45c8e616]" name="tearDown" is-config="true" duration-ms="811" started-at="2019-05-31T10:07:53Z" finished-at="2019-05-31T10:07:54Z">
          <reporter-output>
          </reporter-output>
        </test-method> <!-- tearDown -->
        <test-method status="PASS" signature="setUp()[pri:0, instance:TestNGData.LoginTest@45c8e616]" name="setUp" is-config="true" duration-ms="10769" started-at="2019-05-31T10:07:54Z" finished-at="2019-05-31T10:08:05Z">
          <reporter-output>
          </reporter-output>
        </test-method> <!-- setUp -->
        <test-method status="PASS" signature="loginTest(java.lang.String, java.lang.String)[pri:0, instance:TestNGData.LoginTest@45c8e616]" name="loginTest" duration-ms="1581" started-at="2019-05-31T10:08:05Z" data-provider="getLoginData" finished-at="2019-05-31T10:08:06Z">
          <params>
            <param index="0">
              <value>
                <![CDATA[gayi]]>
              </value>
            </param>
            <param index="1">
              <value>
                <![CDATA[test]]>
              </value>
            </param>
          </params>
          <reporter-output>
          </reporter-output>
        </test-method> <!-- loginTest -->
        <test-method status="PASS" signature="tearDown()[pri:0, instance:TestNGData.LoginTest@45c8e616]" name="tearDown" is-config="true" duration-ms="822" started-at="2019-05-31T10:08:06Z" finished-at="2019-05-31T10:08:07Z">
          <reporter-output>
          </reporter-output>
        </test-method> <!-- tearDown -->
        <test-method status="PASS" signature="setUp()[pri:0, instance:TestNGData.LoginTest@45c8e616]" name="setUp" is-config="true" duration-ms="9307" started-at="2019-05-31T10:08:07Z" finished-at="2019-05-31T10:08:16Z">
          <reporter-output>
          </reporter-output>
        </test-method> <!-- setUp -->
        <test-method status="PASS" signature="loginTest(java.lang.String, java.lang.String)[pri:0, instance:TestNGData.LoginTest@45c8e616]" name="loginTest" duration-ms="2127" started-at="2019-05-31T10:08:16Z" data-provider="getLoginData" finished-at="2019-05-31T10:08:19Z">
          <params>
            <param index="0">
              <value>
                <![CDATA[sankar]]>
              </value>
            </param>
            <param index="1">
              <value>
                <![CDATA[tets]]>
              </value>
            </param>
          </params>
          <reporter-output>
          </reporter-output>
        </test-method> <!-- loginTest -->
        <test-method status="PASS" signature="tearDown()[pri:0, instance:TestNGData.LoginTest@45c8e616]" name="tearDown" is-config="true" duration-ms="801" started-at="2019-05-31T10:08:19Z" finished-at="2019-05-31T10:08:19Z">
          <reporter-output>
          </reporter-output>
        </test-method> <!-- tearDown -->
      </class> <!-- TestNGData.LoginTest -->
    </test> <!-- Default test -->
  </suite> <!-- Default suite -->
</testng-results>
